{"C:\\Users\\USUARIO\\Desktop\\Proyectos\\NodeMongo\\Num-Front\\src\\services\\services.js": {"path":"C:\\Users\\USUARIO\\Desktop\\Proyectos\\NodeMongo\\Num-Front\\src\\services\\services.js","statementMap":{"0":{"start":{"line":4,"column":23},"end":{"line":7,"column":1}},"1":{"start":{"line":5,"column":19},"end":{"line":5,"column":47}},"2":{"start":{"line":6,"column":2},"end":{"line":6,"column":23}},"3":{"start":{"line":10,"column":24},"end":{"line":13,"column":1}},"4":{"start":{"line":11,"column":19},"end":{"line":11,"column":54}},"5":{"start":{"line":12,"column":2},"end":{"line":12,"column":23}},"6":{"start":{"line":16,"column":23},"end":{"line":19,"column":1}},"7":{"start":{"line":17,"column":19},"end":{"line":17,"column":53}},"8":{"start":{"line":18,"column":2},"end":{"line":18,"column":23}},"9":{"start":{"line":22,"column":26},"end":{"line":25,"column":1}},"10":{"start":{"line":23,"column":19},"end":{"line":23,"column":50}},"11":{"start":{"line":24,"column":2},"end":{"line":24,"column":23}}},"fnMap":{"0":{"name":"(anonymous_0)","decl":{"start":{"line":4,"column":23},"end":{"line":4,"column":24}},"loc":{"start":{"line":4,"column":38},"end":{"line":7,"column":1}},"line":4},"1":{"name":"(anonymous_1)","decl":{"start":{"line":10,"column":24},"end":{"line":10,"column":25}},"loc":{"start":{"line":10,"column":45},"end":{"line":13,"column":1}},"line":10},"2":{"name":"(anonymous_2)","decl":{"start":{"line":16,"column":23},"end":{"line":16,"column":24}},"loc":{"start":{"line":16,"column":44},"end":{"line":19,"column":1}},"line":16},"3":{"name":"(anonymous_3)","decl":{"start":{"line":22,"column":26},"end":{"line":22,"column":27}},"loc":{"start":{"line":22,"column":41},"end":{"line":25,"column":1}},"line":22}},"branchMap":{},"s":{"0":1,"1":2,"2":1,"3":1,"4":3,"5":2,"6":1,"7":1,"8":1,"9":1,"10":1,"11":1},"f":{"0":2,"1":3,"2":1,"3":1},"b":{},"_coverageSchema":"1a1c01bbd47fc00a2c39e90264f33305004495a9","hash":"85019795ebf9e5ff89ea650bdbb5537594370647"}
,"C:\\Users\\USUARIO\\Desktop\\Proyectos\\NodeMongo\\Num-Front\\src\\utils\\functions.js": {"path":"C:\\Users\\USUARIO\\Desktop\\Proyectos\\NodeMongo\\Num-Front\\src\\utils\\functions.js","statementMap":{"0":{"start":{"line":2,"column":27},"end":{"line":25,"column":1}},"1":{"start":{"line":3,"column":2},"end":{"line":3,"column":31}},"2":{"start":{"line":3,"column":19},"end":{"line":3,"column":31}},"3":{"start":{"line":9,"column":2},"end":{"line":14,"column":3}},"4":{"start":{"line":10,"column":31},"end":{"line":10,"column":64}},"5":{"start":{"line":11,"column":4},"end":{"line":11,"column":43}},"6":{"start":{"line":13,"column":4},"end":{"line":13,"column":33}},"7":{"start":{"line":16,"column":2},"end":{"line":16,"column":42}},"8":{"start":{"line":16,"column":30},"end":{"line":16,"column":42}},"9":{"start":{"line":19,"column":2},"end":{"line":24,"column":19}},"10":{"start":{"line":28,"column":29},"end":{"line":34,"column":1}},"11":{"start":{"line":29,"column":12},"end":{"line":29,"column":27}},"12":{"start":{"line":31,"column":21},"end":{"line":31,"column":86}},"13":{"start":{"line":32,"column":2},"end":{"line":32,"column":34}},"14":{"start":{"line":33,"column":2},"end":{"line":33,"column":20}},"15":{"start":{"line":37,"column":28},"end":{"line":44,"column":1}},"16":{"start":{"line":38,"column":22},"end":{"line":40,"column":4}},"17":{"start":{"line":42,"column":27},"end":{"line":42,"column":73}},"18":{"start":{"line":43,"column":2},"end":{"line":43,"column":32}},"19":{"start":{"line":47,"column":34},"end":{"line":62,"column":1}},"20":{"start":{"line":48,"column":17},"end":{"line":48,"column":19}},"21":{"start":{"line":49,"column":2},"end":{"line":60,"column":3}},"22":{"start":{"line":49,"column":15},"end":{"line":49,"column":21}},"23":{"start":{"line":50,"column":14},"end":{"line":50,"column":30}},"24":{"start":{"line":51,"column":4},"end":{"line":51,"column":31}},"25":{"start":{"line":52,"column":19},"end":{"line":52,"column":35}},"26":{"start":{"line":53,"column":16},"end":{"line":53,"column":35}},"27":{"start":{"line":54,"column":4},"end":{"line":59,"column":7}},"28":{"start":{"line":61,"column":2},"end":{"line":61,"column":16}},"29":{"start":{"line":65,"column":36},"end":{"line":70,"column":1}},"30":{"start":{"line":66,"column":2},"end":{"line":66,"column":35}},"31":{"start":{"line":66,"column":15},"end":{"line":66,"column":35}},"32":{"start":{"line":67,"column":2},"end":{"line":67,"column":59}},"33":{"start":{"line":67,"column":31},"end":{"line":67,"column":59}},"34":{"start":{"line":68,"column":2},"end":{"line":68,"column":47}},"35":{"start":{"line":68,"column":31},"end":{"line":68,"column":47}},"36":{"start":{"line":69,"column":2},"end":{"line":69,"column":27}},"37":{"start":{"line":73,"column":28},"end":{"line":86,"column":1}},"38":{"start":{"line":74,"column":18},"end":{"line":84,"column":3}},"39":{"start":{"line":85,"column":2},"end":{"line":85,"column":68}},"40":{"start":{"line":89,"column":30},"end":{"line":404,"column":1}},"41":{"start":{"line":90,"column":23},"end":{"line":90,"column":46}},"42":{"start":{"line":91,"column":26},"end":{"line":91,"column":50}},"43":{"start":{"line":92,"column":20},"end":{"line":92,"column":139}},"44":{"start":{"line":93,"column":15},"end":{"line":93,"column":104}},"45":{"start":{"line":95,"column":15},"end":{"line":399,"column":3}},"46":{"start":{"line":401,"column":14},"end":{"line":401,"column":39}},"47":{"start":{"line":402,"column":2},"end":{"line":402,"column":27}},"48":{"start":{"line":403,"column":2},"end":{"line":403,"column":23}},"49":{"start":{"line":407,"column":33},"end":{"line":508,"column":1}},"50":{"start":{"line":408,"column":53},"end":{"line":408,"column":70}},"51":{"start":{"line":409,"column":23},"end":{"line":409,"column":56}},"52":{"start":{"line":411,"column":15},"end":{"line":501,"column":3}},"53":{"start":{"line":503,"column":14},"end":{"line":503,"column":39}},"54":{"start":{"line":504,"column":2},"end":{"line":504,"column":27}},"55":{"start":{"line":505,"column":2},"end":{"line":505,"column":23}},"56":{"start":{"line":507,"column":2},"end":{"line":507,"column":43}},"57":{"start":{"line":507,"column":21},"end":{"line":507,"column":33}}},"fnMap":{"0":{"name":"(anonymous_0)","decl":{"start":{"line":2,"column":27},"end":{"line":2,"column":28}},"loc":{"start":{"line":2,"column":43},"end":{"line":25,"column":1}},"line":2},"1":{"name":"(anonymous_1)","decl":{"start":{"line":28,"column":29},"end":{"line":28,"column":30}},"loc":{"start":{"line":28,"column":40},"end":{"line":34,"column":1}},"line":28},"2":{"name":"(anonymous_2)","decl":{"start":{"line":37,"column":28},"end":{"line":37,"column":29}},"loc":{"start":{"line":37,"column":39},"end":{"line":44,"column":1}},"line":37},"3":{"name":"(anonymous_3)","decl":{"start":{"line":47,"column":34},"end":{"line":47,"column":35}},"loc":{"start":{"line":47,"column":64},"end":{"line":62,"column":1}},"line":47},"4":{"name":"(anonymous_4)","decl":{"start":{"line":65,"column":36},"end":{"line":65,"column":37}},"loc":{"start":{"line":65,"column":73},"end":{"line":70,"column":1}},"line":65},"5":{"name":"(anonymous_5)","decl":{"start":{"line":73,"column":28},"end":{"line":73,"column":29}},"loc":{"start":{"line":73,"column":40},"end":{"line":86,"column":1}},"line":73},"6":{"name":"(anonymous_6)","decl":{"start":{"line":89,"column":30},"end":{"line":89,"column":31}},"loc":{"start":{"line":89,"column":68},"end":{"line":404,"column":1}},"line":89},"7":{"name":"(anonymous_7)","decl":{"start":{"line":407,"column":33},"end":{"line":407,"column":34}},"loc":{"start":{"line":407,"column":74},"end":{"line":508,"column":1}},"line":407},"8":{"name":"(anonymous_8)","decl":{"start":{"line":507,"column":13},"end":{"line":507,"column":14}},"loc":{"start":{"line":507,"column":19},"end":{"line":507,"column":35}},"line":507}},"branchMap":{"0":{"loc":{"start":{"line":3,"column":2},"end":{"line":3,"column":31}},"type":"if","locations":[{"start":{"line":3,"column":2},"end":{"line":3,"column":31}},{"start":{},"end":{}}],"line":3},"1":{"loc":{"start":{"line":9,"column":2},"end":{"line":14,"column":3}},"type":"if","locations":[{"start":{"line":9,"column":2},"end":{"line":14,"column":3}},{"start":{"line":12,"column":9},"end":{"line":14,"column":3}}],"line":9},"2":{"loc":{"start":{"line":9,"column":6},"end":{"line":9,"column":93}},"type":"binary-expr","locations":[{"start":{"line":9,"column":6},"end":{"line":9,"column":36}},{"start":{"line":9,"column":40},"end":{"line":9,"column":64}},{"start":{"line":9,"column":68},"end":{"line":9,"column":93}}],"line":9},"3":{"loc":{"start":{"line":16,"column":2},"end":{"line":16,"column":42}},"type":"if","locations":[{"start":{"line":16,"column":2},"end":{"line":16,"column":42}},{"start":{},"end":{}}],"line":16},"4":{"loc":{"start":{"line":66,"column":2},"end":{"line":66,"column":35}},"type":"if","locations":[{"start":{"line":66,"column":2},"end":{"line":66,"column":35}},{"start":{},"end":{}}],"line":66},"5":{"loc":{"start":{"line":67,"column":2},"end":{"line":67,"column":59}},"type":"if","locations":[{"start":{"line":67,"column":2},"end":{"line":67,"column":59}},{"start":{},"end":{}}],"line":67},"6":{"loc":{"start":{"line":68,"column":2},"end":{"line":68,"column":47}},"type":"if","locations":[{"start":{"line":68,"column":2},"end":{"line":68,"column":47}},{"start":{},"end":{}}],"line":68},"7":{"loc":{"start":{"line":85,"column":9},"end":{"line":85,"column":67}},"type":"binary-expr","locations":[{"start":{"line":85,"column":9},"end":{"line":85,"column":24}},{"start":{"line":85,"column":28},"end":{"line":85,"column":49}},{"start":{"line":85,"column":53},"end":{"line":85,"column":67}}],"line":85},"8":{"loc":{"start":{"line":89,"column":37},"end":{"line":89,"column":63}},"type":"default-arg","locations":[{"start":{"line":89,"column":53},"end":{"line":89,"column":63}}],"line":89},"9":{"loc":{"start":{"line":92,"column":20},"end":{"line":92,"column":139}},"type":"binary-expr","locations":[{"start":{"line":92,"column":20},"end":{"line":92,"column":36}},{"start":{"line":92,"column":40},"end":{"line":92,"column":73}},{"start":{"line":92,"column":77},"end":{"line":92,"column":139}}],"line":92},"10":{"loc":{"start":{"line":321,"column":25},"end":{"line":321,"column":68}},"type":"binary-expr","locations":[{"start":{"line":321,"column":25},"end":{"line":321,"column":51}},{"start":{"line":321,"column":55},"end":{"line":321,"column":68}}],"line":321},"11":{"loc":{"start":{"line":323,"column":14},"end":{"line":323,"column":113}},"type":"cond-expr","locations":[{"start":{"line":323,"column":37},"end":{"line":323,"column":108}},{"start":{"line":323,"column":111},"end":{"line":323,"column":113}}],"line":323},"12":{"loc":{"start":{"line":323,"column":54},"end":{"line":323,"column":78}},"type":"binary-expr","locations":[{"start":{"line":323,"column":54},"end":{"line":323,"column":72}},{"start":{"line":323,"column":76},"end":{"line":323,"column":78}}],"line":323},"13":{"loc":{"start":{"line":328,"column":25},"end":{"line":328,"column":86}},"type":"binary-expr","locations":[{"start":{"line":328,"column":25},"end":{"line":328,"column":61}},{"start":{"line":328,"column":65},"end":{"line":328,"column":86}}],"line":328},"14":{"loc":{"start":{"line":329,"column":14},"end":{"line":329,"column":80}},"type":"cond-expr","locations":[{"start":{"line":329,"column":33},"end":{"line":329,"column":75}},{"start":{"line":329,"column":78},"end":{"line":329,"column":80}}],"line":329},"15":{"loc":{"start":{"line":330,"column":14},"end":{"line":330,"column":119}},"type":"cond-expr","locations":[{"start":{"line":330,"column":69},"end":{"line":330,"column":114}},{"start":{"line":330,"column":117},"end":{"line":330,"column":119}}],"line":330},"16":{"loc":{"start":{"line":330,"column":14},"end":{"line":330,"column":66}},"type":"binary-expr","locations":[{"start":{"line":330,"column":14},"end":{"line":330,"column":33}},{"start":{"line":330,"column":37},"end":{"line":330,"column":66}}],"line":330},"17":{"loc":{"start":{"line":331,"column":14},"end":{"line":331,"column":95}},"type":"cond-expr","locations":[{"start":{"line":331,"column":43},"end":{"line":331,"column":90}},{"start":{"line":331,"column":93},"end":{"line":331,"column":95}}],"line":331},"18":{"loc":{"start":{"line":332,"column":30},"end":{"line":332,"column":67}},"type":"binary-expr","locations":[{"start":{"line":332,"column":30},"end":{"line":332,"column":46}},{"start":{"line":332,"column":50},"end":{"line":332,"column":67}}],"line":332},"19":{"loc":{"start":{"line":334,"column":14},"end":{"line":334,"column":74}},"type":"cond-expr","locations":[{"start":{"line":334,"column":27},"end":{"line":334,"column":69}},{"start":{"line":334,"column":72},"end":{"line":334,"column":74}}],"line":334},"20":{"loc":{"start":{"line":349,"column":20},"end":{"line":349,"column":90}},"type":"binary-expr","locations":[{"start":{"line":349,"column":20},"end":{"line":349,"column":36}},{"start":{"line":349,"column":40},"end":{"line":349,"column":90}}],"line":349},"21":{"loc":{"start":{"line":407,"column":43},"end":{"line":407,"column":69}},"type":"default-arg","locations":[{"start":{"line":407,"column":59},"end":{"line":407,"column":69}}],"line":407}},"s":{"0":1,"1":9,"2":3,"3":6,"4":2,"5":2,"6":4,"7":6,"8":1,"9":5,"10":1,"11":4,"12":4,"13":4,"14":4,"15":1,"16":6,"17":6,"18":6,"19":1,"20":1,"21":1,"22":1,"23":3,"24":3,"25":3,"26":3,"27":3,"28":1,"29":1,"30":4,"31":1,"32":3,"33":1,"34":2,"35":1,"36":1,"37":1,"38":0,"39":0,"40":1,"41":0,"42":0,"43":0,"44":0,"45":0,"46":0,"47":0,"48":0,"49":1,"50":0,"51":0,"52":0,"53":0,"54":0,"55":0,"56":0,"57":0},"f":{"0":9,"1":4,"2":6,"3":1,"4":4,"5":0,"6":0,"7":0,"8":0},"b":{"0":[3,6],"1":[2,4],"2":[6,2,2],"3":[1,5],"4":[1,3],"5":[1,2],"6":[1,1],"7":[0,0,0],"8":[0],"9":[0,0,0],"10":[0,0],"11":[0,0],"12":[0,0],"13":[0,0],"14":[0,0],"15":[0,0],"16":[0,0],"17":[0,0],"18":[0,0],"19":[0,0],"20":[0,0],"21":[0]},"_coverageSchema":"1a1c01bbd47fc00a2c39e90264f33305004495a9","hash":"429fa8e4fb8a69671807a36f699d748855052551"}
}
