TN:
SF:src\services\services.js
FN:4,(anonymous_0)
FN:10,(anonymous_1)
FN:16,(anonymous_2)
FN:22,(anonymous_3)
FNF:4
FNH:4
FNDA:2,(anonymous_0)
FNDA:3,(anonymous_1)
FNDA:1,(anonymous_2)
FNDA:1,(anonymous_3)
DA:4,1
DA:5,2
DA:6,1
DA:10,1
DA:11,3
DA:12,2
DA:16,1
DA:17,1
DA:18,1
DA:22,1
DA:23,1
DA:24,1
LF:12
LH:12
BRF:0
BRH:0
end_of_record
TN:
SF:src\utils\functions.js
FN:2,(anonymous_0)
FN:28,(anonymous_1)
FN:37,(anonymous_2)
FN:47,(anonymous_3)
FN:65,(anonymous_4)
FN:73,(anonymous_5)
FN:89,(anonymous_6)
FN:407,(anonymous_7)
FN:507,(anonymous_8)
FNF:9
FNH:5
FNDA:9,(anonymous_0)
FNDA:4,(anonymous_1)
FNDA:6,(anonymous_2)
FNDA:1,(anonymous_3)
FNDA:4,(anonymous_4)
FNDA:0,(anonymous_5)
FNDA:0,(anonymous_6)
FNDA:0,(anonymous_7)
FNDA:0,(anonymous_8)
DA:2,1
DA:3,9
DA:9,6
DA:10,2
DA:11,2
DA:13,4
DA:16,6
DA:19,5
DA:28,1
DA:29,4
DA:31,4
DA:32,4
DA:33,4
DA:37,1
DA:38,6
DA:42,6
DA:43,6
DA:47,1
DA:48,1
DA:49,1
DA:50,3
DA:51,3
DA:52,3
DA:53,3
DA:54,3
DA:61,1
DA:65,1
DA:66,4
DA:67,3
DA:68,2
DA:69,1
DA:73,1
DA:74,0
DA:85,0
DA:89,1
DA:90,0
DA:91,0
DA:92,0
DA:93,0
DA:95,0
DA:401,0
DA:402,0
DA:403,0
DA:407,1
DA:408,0
DA:409,0
DA:411,0
DA:503,0
DA:504,0
DA:505,0
DA:507,0
LF:51
LH:34
BRDA:3,0,0,3
BRDA:3,0,1,6
BRDA:9,1,0,2
BRDA:9,1,1,4
BRDA:9,2,0,6
BRDA:9,2,1,2
BRDA:9,2,2,2
BRDA:16,3,0,1
BRDA:16,3,1,5
BRDA:66,4,0,1
BRDA:66,4,1,3
BRDA:67,5,0,1
BRDA:67,5,1,2
BRDA:68,6,0,1
BRDA:68,6,1,1
BRDA:85,7,0,0
BRDA:85,7,1,0
BRDA:85,7,2,0
BRDA:89,8,0,0
BRDA:92,9,0,0
BRDA:92,9,1,0
BRDA:92,9,2,0
BRDA:321,10,0,0
BRDA:321,10,1,0
BRDA:323,11,0,0
BRDA:323,11,1,0
BRDA:323,12,0,0
BRDA:323,12,1,0
BRDA:328,13,0,0
BRDA:328,13,1,0
BRDA:329,14,0,0
BRDA:329,14,1,0
BRDA:330,15,0,0
BRDA:330,15,1,0
BRDA:330,16,0,0
BRDA:330,16,1,0
BRDA:331,17,0,0
BRDA:331,17,1,0
BRDA:332,18,0,0
BRDA:332,18,1,0
BRDA:334,19,0,0
BRDA:334,19,1,0
BRDA:349,20,0,0
BRDA:349,20,1,0
BRDA:407,21,0,0
BRF:45
BRH:15
end_of_record
